<?xml version="1.0" encoding="UTF-8"?>
<testsuite name="interpreter.interpreter.InterpreterTest" tests="2" skipped="0" failures="0" errors="0" timestamp="2019-07-26T17:05:46" hostname="Diego-Baldassare.local" time="0.055">
  <properties/>
  <testcase name="test001_should_declare_a_variable" classname="interpreter.interpreter.InterpreterTest" time="0.05"/>
  <testcase name="test004_should_declare_and_assign_an_expression" classname="interpreter.interpreter.InterpreterTest" time="0.005"/>
  <system-out><![CDATA[]]></system-out>
  <system-err><![CDATA[]]></system-err>
</testsuite>
