<?xml version="1.0" encoding="UTF-8"?>
<testsuite name="interpreter.parser.ParserTest" tests="7" skipped="0" failures="0" errors="0" timestamp="2019-07-27T00:57:43" hostname="Diego-Baldassare.local" time="0.005">
  <properties/>
  <testcase name="test007_DeclarationAndAssignationNode" classname="interpreter.parser.ParserTest" time="0.001"/>
  <testcase name="test003_PrintNode" classname="interpreter.parser.ParserTest" time="0.0"/>
  <testcase name="test005_PrintWithMultipleBinaryOperations" classname="interpreter.parser.ParserTest" time="0.001"/>
  <testcase name="test006_AssignationWithIdentifier" classname="interpreter.parser.ParserTest" time="0.0"/>
  <testcase name="test004_PrintWithBinaryOperation" classname="interpreter.parser.ParserTest" time="0.001"/>
  <testcase name="test001_DeclarationNode" classname="interpreter.parser.ParserTest" time="0.0"/>
  <testcase name="test002_AssignationNode" classname="interpreter.parser.ParserTest" time="0.0"/>
  <system-out><![CDATA[]]></system-out>
  <system-err><![CDATA[]]></system-err>
</testsuite>
